2019-04-02 02:53:39.827  INFO 54632 --- [restartedMain] pw.mnx.mivkcoin.VkCoinCalcApplication    : Starting VkCoinCalcApplication on MicroNovaX-PC with PID 54632 (C:\Users\MicroNovaX\Desktop\VkCoinCalc\target\classes started by MicroNovaX in C:\Users\MicroNovaX\Desktop\VkCoinCalc)
2019-04-02 02:53:39.829  INFO 54632 --- [restartedMain] pw.mnx.mivkcoin.VkCoinCalcApplication    : No active profile set, falling back to default profiles: default
2019-04-02 02:53:39.855  INFO 54632 --- [restartedMain] .e.DevToolsPropertyDefaultsPostProcessor : Devtools property defaults active! Set 'spring.devtools.add-properties' to 'false' to disable
2019-04-02 02:53:39.855  INFO 54632 --- [restartedMain] .e.DevToolsPropertyDefaultsPostProcessor : For additional web related logging consider setting the 'logging.level.web' property to 'DEBUG'
2019-04-02 02:53:40.288  INFO 54632 --- [restartedMain] .s.d.r.c.RepositoryConfigurationDelegate : Bootstrapping Spring Data repositories in DEFAULT mode.
2019-04-02 02:53:40.340  INFO 54632 --- [restartedMain] .s.d.r.c.RepositoryConfigurationDelegate : Finished Spring Data repository scanning in 48ms. Found 7 repository interfaces.
2019-04-02 02:53:40.530  INFO 54632 --- [restartedMain] trationDelegate$BeanPostProcessorChecker : Bean 'org.springframework.transaction.annotation.ProxyTransactionManagementConfiguration' of type [org.springframework.transaction.annotation.ProxyTransactionManagementConfiguration$$EnhancerBySpringCGLIB$$daa6e732] is not eligible for getting processed by all BeanPostProcessors (for example: not eligible for auto-proxying)
2019-04-02 02:53:40.747  INFO 54632 --- [restartedMain] o.s.b.w.embedded.tomcat.TomcatWebServer  : Tomcat initialized with port(s): 80 (http)
2019-04-02 02:53:40.759  INFO 54632 --- [restartedMain] o.apache.catalina.core.StandardService   : Starting service [Tomcat]
2019-04-02 02:53:40.760  INFO 54632 --- [restartedMain] org.apache.catalina.core.StandardEngine  : Starting Servlet engine: [Apache Tomcat/9.0.16]
2019-04-02 02:53:40.762  INFO 54632 --- [restartedMain] o.a.catalina.core.AprLifecycleListener   : The APR based Apache Tomcat Native library which allows optimal performance in production environments was not found on the java.library.path: [C:\Program Files\Java\jdk1.8.0_201\bin;C:\Windows\Sun\Java\bin;C:\Windows\system32;C:\Windows;C:\Program Files (x86)\NetSarang\Xftp 6\;C:\Program Files (x86)\Common Files\Oracle\Java\javapath;C:\Windows\system32;C:\Windows;C:\Windows\System32\Wbem;C:\Windows\System32\WindowsPowerShell\v1.0\;C:\Windows\System32\OpenSSH\;C:\Program Files\dotnet\;C:\Program Files (x86)\dotnet\;C:\Program Files (x86)\NVIDIA Corporation\PhysX\Common;C:\Program Files\NVIDIA Corporation\NVIDIA NvDLISR;C:\Go\bin;C:\Program Files\Git\cmd;C:\Programming\Maven\bin;C:\Users\MicroNovaX\AppData\Local\Microsoft\WindowsApps;C:\Program Files\JetBrains\CLion 2018.3.2\bin;C:\Program Files\JetBrains\DataGrip 2018.3.1\bin;C:\Program Files\JetBrains\IntelliJ IDEA 2018.3.2\bin;C:\Program Files\JetBrains\JetBrains Rider 2018.3.1\bin;C:\Program Files\JetBrains\GoLand 2018.3.2\bin;C:\Users\MicroNovaX\go\bin;C:\Program Files\Docker Toolbox;.]
2019-04-02 02:53:40.820  INFO 54632 --- [restartedMain] o.a.c.c.C.[Tomcat].[localhost].[/]       : Initializing Spring embedded WebApplicationContext
2019-04-02 02:53:40.821  INFO 54632 --- [restartedMain] o.s.web.context.ContextLoader            : Root WebApplicationContext: initialization completed in 965 ms
2019-04-02 02:53:40.903  INFO 54632 --- [restartedMain] com.zaxxer.hikari.HikariDataSource       : HikariPool-1 - Starting...
2019-04-02 02:53:40.986  INFO 54632 --- [restartedMain] com.zaxxer.hikari.HikariDataSource       : HikariPool-1 - Start completed.
2019-04-02 02:53:41.014  INFO 54632 --- [restartedMain] o.hibernate.jpa.internal.util.LogHelper  : HHH000204: Processing PersistenceUnitInfo [
	name: default
	...]
2019-04-02 02:53:41.047  INFO 54632 --- [restartedMain] org.hibernate.Version                    : HHH000412: Hibernate Core {5.3.7.Final}
2019-04-02 02:53:41.048  INFO 54632 --- [restartedMain] org.hibernate.cfg.Environment            : HHH000206: hibernate.properties not found
2019-04-02 02:53:41.115  INFO 54632 --- [restartedMain] o.hibernate.annotations.common.Version   : HCANN000001: Hibernate Commons Annotations {5.0.4.Final}
2019-04-02 02:53:41.185  INFO 54632 --- [restartedMain] org.hibernate.dialect.Dialect            : HHH000400: Using dialect: org.hibernate.dialect.H2Dialect
2019-04-02 02:53:41.213  INFO 54632 --- [restartedMain] o.h.e.j.e.i.LobCreatorBuilderImpl        : HHH000421: Disabling contextual LOB creation as hibernate.jdbc.lob.non_contextual_creation is true
2019-04-02 02:53:41.620  INFO 54632 --- [restartedMain] o.h.t.schema.internal.SchemaCreatorImpl  : HHH000476: Executing import script 'org.hibernate.tool.schema.internal.exec.ScriptSourceInputNonExistentImpl@68b9b957'
2019-04-02 02:53:41.622  INFO 54632 --- [restartedMain] j.LocalContainerEntityManagerFactoryBean : Initialized JPA EntityManagerFactory for persistence unit 'default'
2019-04-02 02:53:41.644  INFO 54632 --- [restartedMain] o.s.b.d.a.OptionalLiveReloadServer       : LiveReload server is running on port 35729
2019-04-02 02:53:41.963  INFO 54632 --- [restartedMain] o.s.s.concurrent.ThreadPoolTaskExecutor  : Initializing ExecutorService 'applicationTaskExecutor'
2019-04-02 02:53:41.985  WARN 54632 --- [restartedMain] aWebConfiguration$JpaWebMvcConfiguration : spring.jpa.open-in-view is enabled by default. Therefore, database queries may be performed during view rendering. Explicitly configure spring.jpa.open-in-view to disable this warning
2019-04-02 02:53:42.103  INFO 54632 --- [restartedMain] o.s.b.w.embedded.tomcat.TomcatWebServer  : Tomcat started on port(s): 80 (http) with context path ''
2019-04-02 02:53:42.105  INFO 54632 --- [restartedMain] pw.mnx.mivkcoin.VkCoinCalcApplication    : Started VkCoinCalcApplication in 2.482 seconds (JVM running for 2.926)
2019-04-02 02:53:44.740  INFO 54632 --- [http-nio-80-exec-1] o.a.c.c.C.[Tomcat].[localhost].[/]       : Initializing Spring DispatcherServlet 'dispatcherServlet'
2019-04-02 02:53:44.740  INFO 54632 --- [http-nio-80-exec-1] o.s.web.servlet.DispatcherServlet        : Initializing Servlet 'dispatcherServlet'
2019-04-02 02:53:44.744  INFO 54632 --- [http-nio-80-exec-1] o.s.web.servlet.DispatcherServlet        : Completed initialization in 4 ms
2019-04-02 02:53:44.774  INFO 54632 --- [http-nio-80-exec-1] o.h.h.i.QueryTranslatorFactoryInitiator  : HHH000397: Using ASTQueryTranslatorFactory
